{"D:\\Anodiam\\celrevive\\frontend\\src\\features\\questionnaire\\Questionnaire.jsx": {"path":"D:\\Anodiam\\celrevive\\frontend\\src\\features\\questionnaire\\Questionnaire.jsx","statementMap":{"0":{"start":{"line":5,"column":24},"end":{"line":5,"column":26}},"1":{"start":{"line":7,"column":18},"end":{"line":311,"column":1}},"2":{"start":{"line":314,"column":42},"end":{"line":314,"column":53}},"3":{"start":{"line":315,"column":32},"end":{"line":315,"column":44}},"4":{"start":{"line":316,"column":52},"end":{"line":316,"column":64}},"5":{"start":{"line":317,"column":42},"end":{"line":317,"column":57}},"6":{"start":{"line":319,"column":26},"end":{"line":319,"column":49}},"7":{"start":{"line":320,"column":18},"end":{"line":320,"column":50}},"8":{"start":{"line":321,"column":23},"end":{"line":321,"column":56}},"9":{"start":{"line":322,"column":22},"end":{"line":322,"column":66}},"10":{"start":{"line":323,"column":23},"end":{"line":323,"column":58}},"11":{"start":{"line":324,"column":22},"end":{"line":324,"column":58}},"12":{"start":{"line":325,"column":20},"end":{"line":325,"column":47}},"13":{"start":{"line":327,"column":25},"end":{"line":327,"column":57}},"14":{"start":{"line":328,"column":24},"end":{"line":328,"column":54}},"15":{"start":{"line":329,"column":23},"end":{"line":329,"column":83}},"16":{"start":{"line":331,"column":26},"end":{"line":331,"column":70}},"17":{"start":{"line":333,"column":29},"end":{"line":338,"column":3}},"18":{"start":{"line":334,"column":4},"end":{"line":337,"column":8}},"19":{"start":{"line":334,"column":26},"end":{"line":337,"column":5}},"20":{"start":{"line":340,"column":28},"end":{"line":361,"column":3}},"21":{"start":{"line":341,"column":4},"end":{"line":360,"column":7}},"22":{"start":{"line":342,"column":22},"end":{"line":342,"column":52}},"23":{"start":{"line":343,"column":30},"end":{"line":343,"column":54}},"24":{"start":{"line":345,"column":31},"end":{"line":345,"column":146}},"25":{"start":{"line":347,"column":6},"end":{"line":349,"column":7}},"26":{"start":{"line":348,"column":8},"end":{"line":348,"column":82}},"27":{"start":{"line":351,"column":30},"end":{"line":351,"column":82}},"28":{"start":{"line":351,"column":52},"end":{"line":351,"column":81}},"29":{"start":{"line":353,"column":6},"end":{"line":355,"column":7}},"30":{"start":{"line":354,"column":8},"end":{"line":354,"column":94}},"31":{"start":{"line":354,"column":78},"end":{"line":354,"column":90}},"32":{"start":{"line":356,"column":6},"end":{"line":358,"column":7}},"33":{"start":{"line":357,"column":8},"end":{"line":357,"column":20}},"34":{"start":{"line":359,"column":6},"end":{"line":359,"column":77}},"35":{"start":{"line":363,"column":29},"end":{"line":369,"column":3}},"36":{"start":{"line":364,"column":4},"end":{"line":368,"column":5}},"37":{"start":{"line":365,"column":6},"end":{"line":365,"column":32}},"38":{"start":{"line":367,"column":6},"end":{"line":367,"column":33}},"39":{"start":{"line":371,"column":25},"end":{"line":375,"column":3}},"40":{"start":{"line":372,"column":4},"end":{"line":374,"column":5}},"41":{"start":{"line":373,"column":6},"end":{"line":373,"column":42}},"42":{"start":{"line":373,"column":32},"end":{"line":373,"column":40}},"43":{"start":{"line":377,"column":25},"end":{"line":377,"column":61}},"44":{"start":{"line":379,"column":21},"end":{"line":392,"column":3}},"45":{"start":{"line":380,"column":4},"end":{"line":380,"column":46}},"46":{"start":{"line":380,"column":39},"end":{"line":380,"column":46}},"47":{"start":{"line":382,"column":4},"end":{"line":391,"column":5}},"48":{"start":{"line":383,"column":6},"end":{"line":383,"column":42}},"49":{"start":{"line":383,"column":32},"end":{"line":383,"column":40}},"50":{"start":{"line":384,"column":11},"end":{"line":391,"column":5}},"51":{"start":{"line":385,"column":6},"end":{"line":385,"column":28}},"52":{"start":{"line":386,"column":6},"end":{"line":390,"column":7}},"53":{"start":{"line":387,"column":8},"end":{"line":387,"column":78}},"54":{"start":{"line":389,"column":8},"end":{"line":389,"column":31}},"55":{"start":{"line":394,"column":2},"end":{"line":553,"column":4}},"56":{"start":{"line":466,"column":31},"end":{"line":468,"column":41}},"57":{"start":{"line":469,"column":12},"end":{"line":486,"column":14}},"58":{"start":{"line":473,"column":31},"end":{"line":473,"column":57}},"59":{"start":{"line":497,"column":33},"end":{"line":497,"column":69}}},"fnMap":{"0":{"name":"Questionnaire","decl":{"start":{"line":313,"column":24},"end":{"line":313,"column":37}},"loc":{"start":{"line":313,"column":54},"end":{"line":554,"column":1}},"line":313},"1":{"name":"(anonymous_1)","decl":{"start":{"line":333,"column":29},"end":{"line":333,"column":30}},"loc":{"start":{"line":333,"column":41},"end":{"line":338,"column":3}},"line":333},"2":{"name":"(anonymous_2)","decl":{"start":{"line":334,"column":15},"end":{"line":334,"column":16}},"loc":{"start":{"line":334,"column":26},"end":{"line":337,"column":5}},"line":334},"3":{"name":"(anonymous_3)","decl":{"start":{"line":340,"column":28},"end":{"line":340,"column":29}},"loc":{"start":{"line":340,"column":40},"end":{"line":361,"column":3}},"line":340},"4":{"name":"(anonymous_4)","decl":{"start":{"line":341,"column":15},"end":{"line":341,"column":16}},"loc":{"start":{"line":341,"column":25},"end":{"line":360,"column":5}},"line":341},"5":{"name":"(anonymous_5)","decl":{"start":{"line":351,"column":45},"end":{"line":351,"column":46}},"loc":{"start":{"line":351,"column":52},"end":{"line":351,"column":81}},"line":351},"6":{"name":"(anonymous_6)","decl":{"start":{"line":354,"column":71},"end":{"line":354,"column":72}},"loc":{"start":{"line":354,"column":78},"end":{"line":354,"column":90}},"line":354},"7":{"name":"(anonymous_7)","decl":{"start":{"line":363,"column":29},"end":{"line":363,"column":30}},"loc":{"start":{"line":363,"column":41},"end":{"line":369,"column":3}},"line":363},"8":{"name":"(anonymous_8)","decl":{"start":{"line":371,"column":25},"end":{"line":371,"column":26}},"loc":{"start":{"line":371,"column":31},"end":{"line":375,"column":3}},"line":371},"9":{"name":"(anonymous_9)","decl":{"start":{"line":373,"column":22},"end":{"line":373,"column":23}},"loc":{"start":{"line":373,"column":32},"end":{"line":373,"column":40}},"line":373},"10":{"name":"(anonymous_10)","decl":{"start":{"line":379,"column":21},"end":{"line":379,"column":22}},"loc":{"start":{"line":379,"column":33},"end":{"line":392,"column":3}},"line":379},"11":{"name":"(anonymous_11)","decl":{"start":{"line":383,"column":22},"end":{"line":383,"column":23}},"loc":{"start":{"line":383,"column":32},"end":{"line":383,"column":40}},"line":383},"12":{"name":"(anonymous_12)","decl":{"start":{"line":465,"column":39},"end":{"line":465,"column":40}},"loc":{"start":{"line":465,"column":51},"end":{"line":487,"column":11}},"line":465},"13":{"name":"(anonymous_13)","decl":{"start":{"line":473,"column":25},"end":{"line":473,"column":26}},"loc":{"start":{"line":473,"column":31},"end":{"line":473,"column":57}},"line":473},"14":{"name":"(anonymous_14)","decl":{"start":{"line":497,"column":26},"end":{"line":497,"column":27}},"loc":{"start":{"line":497,"column":33},"end":{"line":497,"column":69}},"line":497}},"branchMap":{"0":{"loc":{"start":{"line":327,"column":25},"end":{"line":327,"column":57}},"type":"cond-expr","locations":[{"start":{"line":327,"column":36},"end":{"line":327,"column":45}},{"start":{"line":327,"column":48},"end":{"line":327,"column":57}}],"line":327},"1":{"loc":{"start":{"line":328,"column":24},"end":{"line":328,"column":54}},"type":"cond-expr","locations":[{"start":{"line":328,"column":34},"end":{"line":328,"column":49}},{"start":{"line":328,"column":52},"end":{"line":328,"column":54}}],"line":328},"2":{"loc":{"start":{"line":328,"column":34},"end":{"line":328,"column":49}},"type":"binary-expr","locations":[{"start":{"line":328,"column":34},"end":{"line":328,"column":43}},{"start":{"line":328,"column":47},"end":{"line":328,"column":49}}],"line":328},"3":{"loc":{"start":{"line":329,"column":23},"end":{"line":329,"column":83}},"type":"cond-expr","locations":[{"start":{"line":329,"column":33},"end":{"line":329,"column":57}},{"start":{"line":329,"column":60},"end":{"line":329,"column":83}}],"line":329},"4":{"loc":{"start":{"line":336,"column":28},"end":{"line":336,"column":84}},"type":"cond-expr","locations":[{"start":{"line":336,"column":66},"end":{"line":336,"column":75}},{"start":{"line":336,"column":78},"end":{"line":336,"column":84}}],"line":336},"5":{"loc":{"start":{"line":342,"column":22},"end":{"line":342,"column":52}},"type":"binary-expr","locations":[{"start":{"line":342,"column":22},"end":{"line":342,"column":46}},{"start":{"line":342,"column":50},"end":{"line":342,"column":52}}],"line":342},"6":{"loc":{"start":{"line":347,"column":6},"end":{"line":349,"column":7}},"type":"if","locations":[{"start":{"line":347,"column":6},"end":{"line":349,"column":7}},{"start":{},"end":{}}],"line":347},"7":{"loc":{"start":{"line":348,"column":48},"end":{"line":348,"column":79}},"type":"cond-expr","locations":[{"start":{"line":348,"column":66},"end":{"line":348,"column":68}},{"start":{"line":348,"column":71},"end":{"line":348,"column":79}}],"line":348},"8":{"loc":{"start":{"line":353,"column":6},"end":{"line":355,"column":7}},"type":"if","locations":[{"start":{"line":353,"column":6},"end":{"line":355,"column":7}},{"start":{},"end":{}}],"line":353},"9":{"loc":{"start":{"line":356,"column":6},"end":{"line":358,"column":7}},"type":"if","locations":[{"start":{"line":356,"column":6},"end":{"line":358,"column":7}},{"start":{},"end":{}}],"line":356},"10":{"loc":{"start":{"line":356,"column":37},"end":{"line":356,"column":67}},"type":"binary-expr","locations":[{"start":{"line":356,"column":37},"end":{"line":356,"column":62}},{"start":{"line":356,"column":66},"end":{"line":356,"column":67}}],"line":356},"11":{"loc":{"start":{"line":364,"column":4},"end":{"line":368,"column":5}},"type":"if","locations":[{"start":{"line":364,"column":4},"end":{"line":368,"column":5}},{"start":{"line":366,"column":11},"end":{"line":368,"column":5}}],"line":364},"12":{"loc":{"start":{"line":372,"column":4},"end":{"line":374,"column":5}},"type":"if","locations":[{"start":{"line":372,"column":4},"end":{"line":374,"column":5}},{"start":{},"end":{}}],"line":372},"13":{"loc":{"start":{"line":380,"column":4},"end":{"line":380,"column":46}},"type":"if","locations":[{"start":{"line":380,"column":4},"end":{"line":380,"column":46}},{"start":{},"end":{}}],"line":380},"14":{"loc":{"start":{"line":380,"column":8},"end":{"line":380,"column":37}},"type":"binary-expr","locations":[{"start":{"line":380,"column":8},"end":{"line":380,"column":21}},{"start":{"line":380,"column":25},"end":{"line":380,"column":37}}],"line":380},"15":{"loc":{"start":{"line":382,"column":4},"end":{"line":391,"column":5}},"type":"if","locations":[{"start":{"line":382,"column":4},"end":{"line":391,"column":5}},{"start":{"line":384,"column":11},"end":{"line":391,"column":5}}],"line":382},"16":{"loc":{"start":{"line":384,"column":11},"end":{"line":391,"column":5}},"type":"if","locations":[{"start":{"line":384,"column":11},"end":{"line":391,"column":5}},{"start":{},"end":{}}],"line":384},"17":{"loc":{"start":{"line":416,"column":12},"end":{"line":416,"column":62}},"type":"cond-expr","locations":[{"start":{"line":416,"column":27},"end":{"line":416,"column":43}},{"start":{"line":416,"column":46},"end":{"line":416,"column":62}}],"line":416},"18":{"loc":{"start":{"line":421,"column":14},"end":{"line":421,"column":56}},"type":"cond-expr","locations":[{"start":{"line":421,"column":29},"end":{"line":421,"column":51}},{"start":{"line":421,"column":54},"end":{"line":421,"column":56}}],"line":421},"19":{"loc":{"start":{"line":425,"column":13},"end":{"line":429,"column":13}},"type":"binary-expr","locations":[{"start":{"line":425,"column":13},"end":{"line":425,"column":37}},{"start":{"line":426,"column":14},"end":{"line":428,"column":21}}],"line":425},"20":{"loc":{"start":{"line":436,"column":9},"end":{"line":453,"column":9}},"type":"binary-expr","locations":[{"start":{"line":436,"column":9},"end":{"line":436,"column":16}},{"start":{"line":437,"column":10},"end":{"line":452,"column":16}}],"line":436},"21":{"loc":{"start":{"line":439,"column":14},"end":{"line":439,"column":61}},"type":"cond-expr","locations":[{"start":{"line":439,"column":28},"end":{"line":439,"column":41}},{"start":{"line":439,"column":44},"end":{"line":439,"column":61}}],"line":439},"22":{"loc":{"start":{"line":443,"column":15},"end":{"line":445,"column":63}},"type":"cond-expr","locations":[{"start":{"line":444,"column":18},"end":{"line":444,"column":42}},{"start":{"line":445,"column":18},"end":{"line":445,"column":63}}],"line":443},"23":{"loc":{"start":{"line":447,"column":13},"end":{"line":451,"column":13}},"type":"binary-expr","locations":[{"start":{"line":447,"column":13},"end":{"line":447,"column":25}},{"start":{"line":447,"column":29},"end":{"line":447,"column":54}},{"start":{"line":448,"column":14},"end":{"line":450,"column":21}}],"line":447},"24":{"loc":{"start":{"line":458,"column":12},"end":{"line":462,"column":65}},"type":"cond-expr","locations":[{"start":{"line":459,"column":16},"end":{"line":459,"column":36}},{"start":{"line":460,"column":16},"end":{"line":462,"column":65}}],"line":458},"25":{"loc":{"start":{"line":460,"column":16},"end":{"line":462,"column":65}},"type":"cond-expr","locations":[{"start":{"line":461,"column":16},"end":{"line":461,"column":80}},{"start":{"line":462,"column":16},"end":{"line":462,"column":65}}],"line":460},"26":{"loc":{"start":{"line":466,"column":31},"end":{"line":468,"column":41}},"type":"cond-expr","locations":[{"start":{"line":467,"column":16},"end":{"line":467,"column":46}},{"start":{"line":468,"column":16},"end":{"line":468,"column":41}}],"line":466},"27":{"loc":{"start":{"line":475,"column":18},"end":{"line":477,"column":63}},"type":"cond-expr","locations":[{"start":{"line":476,"column":22},"end":{"line":476,"column":59}},{"start":{"line":477,"column":22},"end":{"line":477,"column":63}}],"line":475},"28":{"loc":{"start":{"line":479,"column":18},"end":{"line":481,"column":102}},"type":"cond-expr","locations":[{"start":{"line":480,"column":22},"end":{"line":480,"column":64}},{"start":{"line":481,"column":22},"end":{"line":481,"column":102}}],"line":479},"29":{"loc":{"start":{"line":490,"column":11},"end":{"line":502,"column":11}},"type":"binary-expr","locations":[{"start":{"line":490,"column":11},"end":{"line":490,"column":22}},{"start":{"line":490,"column":26},"end":{"line":490,"column":50}},{"start":{"line":491,"column":12},"end":{"line":501,"column":18}}],"line":490},"30":{"loc":{"start":{"line":509,"column":11},"end":{"line":521,"column":11}},"type":"cond-expr","locations":[{"start":{"line":510,"column":12},"end":{"line":518,"column":21}},{"start":{"line":520,"column":12},"end":{"line":520,"column":19}}],"line":509},"31":{"loc":{"start":{"line":526,"column":22},"end":{"line":526,"column":51}},"type":"binary-expr","locations":[{"start":{"line":526,"column":22},"end":{"line":526,"column":35}},{"start":{"line":526,"column":39},"end":{"line":526,"column":51}}],"line":526},"32":{"loc":{"start":{"line":528,"column":14},"end":{"line":530,"column":50}},"type":"cond-expr","locations":[{"start":{"line":529,"column":18},"end":{"line":529,"column":48}},{"start":{"line":530,"column":18},"end":{"line":530,"column":50}}],"line":528},"33":{"loc":{"start":{"line":528,"column":14},"end":{"line":528,"column":43}},"type":"binary-expr","locations":[{"start":{"line":528,"column":14},"end":{"line":528,"column":26}},{"start":{"line":528,"column":30},"end":{"line":528,"column":43}}],"line":528},"34":{"loc":{"start":{"line":533,"column":13},"end":{"line":548,"column":13}},"type":"cond-expr","locations":[{"start":{"line":534,"column":14},"end":{"line":537,"column":17}},{"start":{"line":538,"column":16},"end":{"line":548,"column":13}}],"line":533},"35":{"loc":{"start":{"line":538,"column":16},"end":{"line":548,"column":13}},"type":"cond-expr","locations":[{"start":{"line":539,"column":14},"end":{"line":542,"column":17}},{"start":{"line":544,"column":14},"end":{"line":547,"column":17}}],"line":538}},"s":{"0":1,"1":1,"2":94,"3":94,"4":94,"5":94,"6":94,"7":94,"8":94,"9":94,"10":94,"11":94,"12":94,"13":94,"14":94,"15":94,"16":94,"17":94,"18":22,"19":22,"20":94,"21":11,"22":11,"23":11,"24":11,"25":11,"26":1,"27":10,"28":1,"29":10,"30":0,"31":0,"32":10,"33":0,"34":10,"35":94,"36":33,"37":11,"38":22,"39":94,"40":2,"41":2,"42":2,"43":94,"44":94,"45":29,"46":0,"47":29,"48":28,"49":28,"50":1,"51":1,"52":1,"53":1,"54":0,"55":94,"56":580,"57":580,"58":33,"59":24},"f":{"0":94,"1":22,"2":22,"3":11,"4":11,"5":1,"6":0,"7":33,"8":2,"9":2,"10":29,"11":28,"12":580,"13":33,"14":24},"b":{"0":[72,22],"1":[22,72],"2":[22,11],"3":[22,72],"4":[0,22],"5":[11,9],"6":[1,10],"7":[0,1],"8":[0,10],"9":[0,10],"10":[10,0],"11":[11,22],"12":[2,0],"13":[0,29],"14":[29,29],"15":[28,1],"16":[1,0],"17":[53,41],"18":[53,41],"19":[94,2],"20":[94,22],"21":[10,12],"22":[10,12],"23":[22,12,12],"24":[54,40],"25":[3,37],"26":[242,338],"27":[204,376],"28":[61,519],"29":[94,28,26],"30":[81,13],"31":[94,60],"32":[59,35],"33":[94,60],"34":[1,93],"35":[2,91]},"_coverageSchema":"1a1c01bbd47fc00a2c39e90264f33305004495a9","hash":"0cca15746d13ce2a757d984b2b403c48c0c3ffea"}
}
