TN:
SF:src\features\questionnaire\Questionnaire.jsx
FN:313,Questionnaire
FN:333,(anonymous_1)
FN:334,(anonymous_2)
FN:340,(anonymous_3)
FN:341,(anonymous_4)
FN:351,(anonymous_5)
FN:354,(anonymous_6)
FN:363,(anonymous_7)
FN:371,(anonymous_8)
FN:373,(anonymous_9)
FN:379,(anonymous_10)
FN:383,(anonymous_11)
FN:465,(anonymous_12)
FN:473,(anonymous_13)
FN:497,(anonymous_14)
FNF:15
FNH:14
FNDA:94,Questionnaire
FNDA:22,(anonymous_1)
FNDA:22,(anonymous_2)
FNDA:11,(anonymous_3)
FNDA:11,(anonymous_4)
FNDA:1,(anonymous_5)
FNDA:0,(anonymous_6)
FNDA:33,(anonymous_7)
FNDA:2,(anonymous_8)
FNDA:2,(anonymous_9)
FNDA:29,(anonymous_10)
FNDA:28,(anonymous_11)
FNDA:580,(anonymous_12)
FNDA:33,(anonymous_13)
FNDA:24,(anonymous_14)
DA:5,1
DA:7,1
DA:314,94
DA:315,94
DA:316,94
DA:317,94
DA:319,94
DA:320,94
DA:321,94
DA:322,94
DA:323,94
DA:324,94
DA:325,94
DA:327,94
DA:328,94
DA:329,94
DA:331,94
DA:333,94
DA:334,22
DA:340,94
DA:341,11
DA:342,11
DA:343,11
DA:345,11
DA:347,11
DA:348,1
DA:351,10
DA:353,10
DA:354,0
DA:356,10
DA:357,0
DA:359,10
DA:363,94
DA:364,33
DA:365,11
DA:367,22
DA:371,94
DA:372,2
DA:373,2
DA:377,94
DA:379,94
DA:380,29
DA:382,29
DA:383,28
DA:384,1
DA:385,1
DA:386,1
DA:387,1
DA:389,0
DA:394,94
DA:466,580
DA:469,580
DA:473,33
DA:497,24
LF:54
LH:51
BRDA:327,0,0,72
BRDA:327,0,1,22
BRDA:328,1,0,22
BRDA:328,1,1,72
BRDA:328,2,0,22
BRDA:328,2,1,11
BRDA:329,3,0,22
BRDA:329,3,1,72
BRDA:336,4,0,0
BRDA:336,4,1,22
BRDA:342,5,0,11
BRDA:342,5,1,9
BRDA:347,6,0,1
BRDA:347,6,1,10
BRDA:348,7,0,0
BRDA:348,7,1,1
BRDA:353,8,0,0
BRDA:353,8,1,10
BRDA:356,9,0,0
BRDA:356,9,1,10
BRDA:356,10,0,10
BRDA:356,10,1,0
BRDA:364,11,0,11
BRDA:364,11,1,22
BRDA:372,12,0,2
BRDA:372,12,1,0
BRDA:380,13,0,0
BRDA:380,13,1,29
BRDA:380,14,0,29
BRDA:380,14,1,29
BRDA:382,15,0,28
BRDA:382,15,1,1
BRDA:384,16,0,1
BRDA:384,16,1,0
BRDA:416,17,0,53
BRDA:416,17,1,41
BRDA:421,18,0,53
BRDA:421,18,1,41
BRDA:425,19,0,94
BRDA:425,19,1,2
BRDA:436,20,0,94
BRDA:436,20,1,22
BRDA:439,21,0,10
BRDA:439,21,1,12
BRDA:443,22,0,10
BRDA:443,22,1,12
BRDA:447,23,0,22
BRDA:447,23,1,12
BRDA:447,23,2,12
BRDA:458,24,0,54
BRDA:458,24,1,40
BRDA:460,25,0,3
BRDA:460,25,1,37
BRDA:466,26,0,242
BRDA:466,26,1,338
BRDA:475,27,0,204
BRDA:475,27,1,376
BRDA:479,28,0,61
BRDA:479,28,1,519
BRDA:490,29,0,94
BRDA:490,29,1,28
BRDA:490,29,2,26
BRDA:509,30,0,81
BRDA:509,30,1,13
BRDA:526,31,0,94
BRDA:526,31,1,60
BRDA:528,32,0,59
BRDA:528,32,1,35
BRDA:528,33,0,94
BRDA:528,33,1,60
BRDA:533,34,0,1
BRDA:533,34,1,93
BRDA:538,35,0,2
BRDA:538,35,1,91
BRF:74
BRH:66
end_of_record
